<?xml version="1.0" encoding="UTF-8"?>
<!-- Generated by org.testng.reporters.JUnitReportReporter -->
<testsuite hostname="DESKTOP-DSSV4UC" failures="0" tests="2" name="TranslationTest" time="0.092" errors="0" timestamp="2022-05-15T13:30:58 CEST" skipped="0">
  <testcase classname="TranslationTest" name="test" time="0.022"/>
  <system-out/>
  <testcase classname="TranslationTest" name="preferenceTest" time="0.070"/>
  <system-out/>
</testsuite> <!-- TranslationTest -->
