<?xml version="1.0" encoding="UTF-8"?>
<!-- Generated by org.testng.reporters.JUnitReportReporter -->
<testsuite hostname="DESKTOP-DSSV4UC" failures="0" tests="2" name="TranslationTest" time="0.078" errors="0" timestamp="2022-05-14T19:08:15 CEST" skipped="0">
  <testcase classname="TranslationTest" name="test" time="0.023"/>
  <system-out/>
  <testcase classname="TranslationTest" name="preferenceTest" time="0.055"/>
  <system-out/>
</testsuite> <!-- TranslationTest -->
