<?xml version="1.0" encoding="UTF-8"?>
<!-- Generated by org.testng.reporters.JUnitReportReporter -->
<testsuite hostname="DESKTOP-DSSV4UC" failures="0" tests="2" name="TranslationTest" time="0.120" errors="0" timestamp="2022-07-27T20:51:05 CEST" skipped="0">
  <testcase classname="TranslationTest" name="preferenceTest" time="0.078"/>
  <system-out/>
  <testcase classname="TranslationTest" name="test" time="0.042"/>
  <system-out/>
</testsuite> <!-- TranslationTest -->
