<?xml version="1.0" encoding="UTF-8"?>
<!-- Generated by org.testng.reporters.JUnitReportReporter -->
<testsuite hostname="DESKTOP-DSSV4UC" failures="0" tests="2" name="TranslationTest" time="0.098" errors="0" timestamp="2022-07-27T20:57:27 CEST" skipped="0">
  <testcase classname="TranslationTest" name="preferenceTest" time="0.073"/>
  <system-out/>
  <testcase classname="TranslationTest" name="test" time="0.025"/>
  <system-out/>
</testsuite> <!-- TranslationTest -->
