<?xml version="1.0" encoding="UTF-8"?>
<!-- Generated by org.testng.reporters.JUnitReportReporter -->
<testsuite hostname="DESKTOP-DSSV4UC" failures="0" tests="2" name="TranslationTest" time="1.395" errors="0" timestamp="2022-10-13T19:12:07 CEST" skipped="0">
  <testcase classname="TranslationTest" name="test" time="1.200"/>
  <system-out/>
  <testcase classname="TranslationTest" name="preferenceTest" time="0.195"/>
  <system-out/>
</testsuite> <!-- TranslationTest -->
