<?xml version="1.0" encoding="UTF-8"?>
<!-- Generated by org.testng.reporters.JUnitReportReporter -->
<testsuite hostname="DESKTOP-DSSV4UC" failures="0" tests="2" name="TranslationTest" time="0.108" errors="0" timestamp="2022-06-08T15:40:58 CEST" skipped="0">
  <testcase classname="TranslationTest" name="test" time="0.028"/>
  <system-out/>
  <testcase classname="TranslationTest" name="preferenceTest" time="0.080"/>
  <system-out/>
</testsuite> <!-- TranslationTest -->
